finalist_sent
['291', '3671', '1251', '7660', '2936', '292', '70', '19679', '6360', '1749']
finalList_recev
['2936', '1251', '291', '7660', '292', '2152', '3152', '559', '4511', '1706']
finalList_total
['2936', '291', '1251', '7660', '292', '2152', '4511', '58069', '3152', '19679']
My path var is === 
http://archive.routeviews.org/bgpdata/2017.09/UPDATES/updates.20170905.1615.bz2
asnList sent - 
['291', '3671', '1251', '7660', '2936', '292', '70', '19679', '6360', '1749']
asnList recv - 
['2936', '1251', '291', '7660', '292', '2152', '3152', '559', '4511', '1706']
asnList total - 
['2936', '291', '1251', '7660', '292', '2152', '4511', '58069', '3152', '19679']
main entered
asnStability --- 
{'6360': 0, '559': 0, '1706': 0, '3152': 0, '2936': 0, '70': 0, '4511': 0, '19679': 0, '58069': 0, '1749': 0, '2152': 0, '1251': 0, '7660': 0, '3671': 0, '292': 0, '291': 0}
My path var is === 
http://archive.routeviews.org/bgpdata/2017.09/UPDATES/updates.20170905.1630.bz2
asnList sent - 
['291', '3671', '1251', '7660', '2936', '292', '70', '19679', '6360', '1749']
asnList recv - 
['2936', '1251', '291', '7660', '292', '2152', '3152', '559', '4511', '1706']
asnList total - 
['2936', '291', '1251', '7660', '292', '2152', '4511', '58069', '3152', '19679']
main entered
asnStability --- 
{'6360': 0, '559': 0, '1706': 0, '3152': 0, '2936': 0, '70': 0, '4511': 0, '19679': 0, '58069': 0, '1749': 0, '2152': 0, '1251': 0, '7660': 0, '3671': 0, '292': 0, '291': 0}
My path var is === 
http://archive.routeviews.org/bgpdata/2017.09/UPDATES/updates.20170905.1645.bz2
asnList sent - 
['291', '3671', '1251', '7660', '2936', '292', '70', '19679', '6360', '1749']
asnList recv - 
['2936', '1251', '291', '7660', '292', '2152', '3152', '559', '4511', '1706']
asnList total - 
['2936', '291', '1251', '7660', '292', '2152', '4511', '58069', '3152', '19679']
main entered
asnStability --- 
{'6360': 0, '559': 0, '1706': 0, '3152': 0, '2936': 0, '70': 0, '4511': 0, '19679': 0, '58069': 0, '1749': 0, '2152': 0, '1251': 0, '7660': 0, '3671': 0, '292': 0, '291': 0}
My path var is === 
http://archive.routeviews.org/bgpdata/2017.09/UPDATES/updates.20170905.1700.bz2
asnList sent - 
['291', '3671', '1251', '7660', '2936', '292', '70', '19679', '6360', '1749']
asnList recv - 
['2936', '1251', '291', '7660', '292', '2152', '3152', '559', '4511', '1706']
asnList total - 
['2936', '291', '1251', '7660', '292', '2152', '4511', '58069', '3152', '19679']
main entered
asnStability --- 
{'6360': 0, '559': 0, '1706': 0, '3152': 0, '2936': 0, '70': 0, '4511': 0, '19679': 28, '58069': 0, '1749': 0, '2152': 0, '1251': 0, '7660': 0, '3671': 0, '292': 0, '291': 0}
My path var is === 
http://archive.routeviews.org/bgpdata/2017.09/UPDATES/updates.20170905.1715.bz2
asnList sent - 
['291', '3671', '1251', '7660', '2936', '292', '70', '19679', '6360', '1749']
asnList recv - 
['2936', '1251', '291', '7660', '292', '2152', '3152', '559', '4511', '1706']
asnList total - 
['2936', '291', '1251', '7660', '292', '2152', '4511', '58069', '3152', '19679']
main entered
asnStability --- 
{'6360': 0, '559': 0, '1706': 23, '3152': 0, '2936': 0, '70': 46, '4511': 0, '19679': 18, '58069': 0, '1749': 0, '2152': 4, '1251': 0, '7660': 0, '3671': 0, '292': 0, '291': 0}
My path var is === 
http://archive.routeviews.org/bgpdata/2017.09/UPDATES/updates.20170905.1730.bz2
asnList sent - 
['291', '3671', '1251', '7660', '2936', '292', '70', '19679', '6360', '1749']
asnList recv - 
['2936', '1251', '291', '7660', '292', '2152', '3152', '559', '4511', '1706']
asnList total - 
['2936', '291', '1251', '7660', '292', '2152', '4511', '58069', '3152', '19679']
main entered
asnStability --- 
{'6360': 0, '559': 4, '1706': 0, '3152': 0, '2936': 0, '70': 0, '4511': 0, '19679': 0, '58069': 0, '1749': 0, '2152': 0, '1251': 0, '7660': 0, '3671': 0, '292': 0, '291': 0}
My path var is === 
http://archive.routeviews.org/bgpdata/2017.09/UPDATES/updates.20170905.1745.bz2
asnList sent - 
['291', '3671', '1251', '7660', '2936', '292', '70', '19679', '6360', '1749']
asnList recv - 
['2936', '1251', '291', '7660', '292', '2152', '3152', '559', '4511', '1706']
asnList total - 
['2936', '291', '1251', '7660', '292', '2152', '4511', '58069', '3152', '19679']
main entered
asnStability --- 
{'6360': 0, '559': 0, '1706': 0, '3152': 0, '2936': 0, '70': 0, '4511': 0, '19679': 0, '58069': 0, '1749': 0, '2152': 0, '1251': 0, '7660': 0, '3671': 0, '292': 0, '291': 0}
My path var is === 
http://archive.routeviews.org/bgpdata/2017.09/UPDATES/updates.20170905.1800.bz2
asnList sent - 
['291', '3671', '1251', '7660', '2936', '292', '70', '19679', '6360', '1749']
asnList recv - 
['2936', '1251', '291', '7660', '292', '2152', '3152', '559', '4511', '1706']
asnList total - 
['2936', '291', '1251', '7660', '292', '2152', '4511', '58069', '3152', '19679']
main entered
asnStability --- 
{'6360': 0, '559': 0, '1706': 0, '3152': 0, '2936': 0, '70': 0, '4511': 0, '19679': 0, '58069': 0, '1749': 0, '2152': 0, '1251': 0, '7660': 0, '3671': 0, '292': 0, '291': 0}
My path var is === 
http://archive.routeviews.org/bgpdata/2017.09/UPDATES/updates.20170905.1815.bz2
asnList sent - 
['291', '3671', '1251', '7660', '2936', '292', '70', '19679', '6360', '1749']
asnList recv - 
['2936', '1251', '291', '7660', '292', '2152', '3152', '559', '4511', '1706']
asnList total - 
['2936', '291', '1251', '7660', '292', '2152', '4511', '58069', '3152', '19679']
main entered
asnStability --- 
{'6360': 0, '559': 0, '1706': 0, '3152': 0, '2936': 0, '70': 0, '4511': 0, '19679': 28, '58069': 0, '1749': 0, '2152': 0, '1251': 0, '7660': 0, '3671': 0, '292': 0, '291': 0}
My path var is === 
http://archive.routeviews.org/bgpdata/2017.09/UPDATES/updates.20170905.1830.bz2
asnList sent - 
['291', '3671', '1251', '7660', '2936', '292', '70', '19679', '6360', '1749']
asnList recv - 
['2936', '1251', '291', '7660', '292', '2152', '3152', '559', '4511', '1706']
asnList total - 
['2936', '291', '1251', '7660', '292', '2152', '4511', '58069', '3152', '19679']
main entered
asnStability --- 
{'6360': 0, '559': 0, '1706': 0, '3152': 0, '2936': 0, '70': 0, '4511': 0, '19679': 28, '58069': 0, '1749': 0, '2152': 0, '1251': 0, '7660': 0, '3671': 0, '292': 0, '291': 0}
My path var is === 
http://archive.routeviews.org/bgpdata/2017.09/UPDATES/updates.20170905.1845.bz2
asnList sent - 
['291', '3671', '1251', '7660', '2936', '292', '70', '19679', '6360', '1749']
asnList recv - 
['2936', '1251', '291', '7660', '292', '2152', '3152', '559', '4511', '1706']
asnList total - 
['2936', '291', '1251', '7660', '292', '2152', '4511', '58069', '3152', '19679']
main entered
asnStability --- 
{'6360': 0, '559': 0, '1706': 0, '3152': 0, '2936': 0, '70': 0, '4511': 0, '19679': 0, '58069': 0, '1749': 0, '2152': 0, '1251': 0, '7660': 0, '3671': 0, '292': 0, '291': 0}
My path var is === 
http://archive.routeviews.org/bgpdata/2017.09/UPDATES/updates.20170905.1900.bz2
asnList sent - 
['291', '3671', '1251', '7660', '2936', '292', '70', '19679', '6360', '1749']
asnList recv - 
['2936', '1251', '291', '7660', '292', '2152', '3152', '559', '4511', '1706']
asnList total - 
['2936', '291', '1251', '7660', '292', '2152', '4511', '58069', '3152', '19679']
main entered
asnStability --- 
{'6360': 0, '559': 0, '1706': 0, '3152': 0, '2936': 0, '70': 0, '4511': 0, '19679': 0, '58069': 0, '1749': 0, '2152': 0, '1251': 0, '7660': 0, '3671': 0, '292': 0, '291': 0}
My path var is === 
http://archive.routeviews.org/bgpdata/2017.09/UPDATES/updates.20170905.1915.bz2
asnList sent - 
['291', '3671', '1251', '7660', '2936', '292', '70', '19679', '6360', '1749']
asnList recv - 
['2936', '1251', '291', '7660', '292', '2152', '3152', '559', '4511', '1706']
asnList total - 
['2936', '291', '1251', '7660', '292', '2152', '4511', '58069', '3152', '19679']
main entered
asnStability --- 
{'6360': 0, '559': 0, '1706': 0, '3152': 0, '2936': 0, '70': 0, '4511': 0, '19679': 0, '58069': 0, '1749': 0, '2152': 0, '1251': 0, '7660': 0, '3671': 0, '292': 0, '291': 0}
My path var is === 
http://archive.routeviews.org/bgpdata/2017.09/UPDATES/updates.20170905.1930.bz2
asnList sent - 
['291', '3671', '1251', '7660', '2936', '292', '70', '19679', '6360', '1749']
asnList recv - 
['2936', '1251', '291', '7660', '292', '2152', '3152', '559', '4511', '1706']
asnList total - 
['2936', '291', '1251', '7660', '292', '2152', '4511', '58069', '3152', '19679']
main entered
asnStability --- 
{'6360': 0, '559': 0, '1706': 0, '3152': 0, '2936': 0, '70': 0, '4511': 0, '19679': 0, '58069': 0, '1749': 0, '2152': 0, '1251': 0, '7660': 0, '3671': 0, '292': 0, '291': 0}
My path var is === 
http://archive.routeviews.org/bgpdata/2017.09/UPDATES/updates.20170905.1945.bz2
asnList sent - 
['291', '3671', '1251', '7660', '2936', '292', '70', '19679', '6360', '1749']
asnList recv - 
['2936', '1251', '291', '7660', '292', '2152', '3152', '559', '4511', '1706']
asnList total - 
['2936', '291', '1251', '7660', '292', '2152', '4511', '58069', '3152', '19679']
main entered
asnStability --- 
{'6360': 0, '559': 0, '1706': 0, '3152': 0, '2936': 0, '70': 0, '4511': 0, '19679': 0, '58069': 0, '1749': 0, '2152': 0, '1251': 0, '7660': 0, '3671': 0, '292': 0, '291': 0}
My path var is === 
http://archive.routeviews.org/bgpdata/2017.09/UPDATES/updates.20170905.2000.bz2
asnList sent - 
['291', '3671', '1251', '7660', '2936', '292', '70', '19679', '6360', '1749']
asnList recv - 
['2936', '1251', '291', '7660', '292', '2152', '3152', '559', '4511', '1706']
asnList total - 
['2936', '291', '1251', '7660', '292', '2152', '4511', '58069', '3152', '19679']
main entered
asnStability --- 
{'6360': 0, '559': 212, '1706': 0, '3152': 0, '2936': 0, '70': 0, '4511': 0, '19679': 0, '58069': 0, '1749': 0, '2152': 0, '1251': 0, '7660': 0, '3671': 0, '292': 0, '291': 0}
My path var is === 
http://archive.routeviews.org/bgpdata/2017.09/UPDATES/updates.20170905.2015.bz2
asnList sent - 
['291', '3671', '1251', '7660', '2936', '292', '70', '19679', '6360', '1749']
asnList recv - 
['2936', '1251', '291', '7660', '292', '2152', '3152', '559', '4511', '1706']
asnList total - 
['2936', '291', '1251', '7660', '292', '2152', '4511', '58069', '3152', '19679']
main entered
asnStability --- 
{'6360': 0, '559': 0, '1706': 0, '3152': 0, '2936': 0, '70': 0, '4511': 0, '19679': 0, '58069': 0, '1749': 0, '2152': 0, '1251': 0, '7660': 0, '3671': 0, '292': 0, '291': 0}
My path var is === 
http://archive.routeviews.org/bgpdata/2017.09/UPDATES/updates.20170905.2030.bz2
asnList sent - 
['291', '3671', '1251', '7660', '2936', '292', '70', '19679', '6360', '1749']
asnList recv - 
['2936', '1251', '291', '7660', '292', '2152', '3152', '559', '4511', '1706']
asnList total - 
['2936', '291', '1251', '7660', '292', '2152', '4511', '58069', '3152', '19679']
main entered
asnStability --- 
{'6360': 0, '559': 0, '1706': 0, '3152': 0, '2936': 0, '70': 0, '4511': 0, '19679': 0, '58069': 0, '1749': 0, '2152': 0, '1251': 0, '7660': 0, '3671': 0, '292': 0, '291': 0}
My path var is === 
http://archive.routeviews.org/bgpdata/2017.09/UPDATES/updates.20170905.2045.bz2
asnList sent - 
['291', '3671', '1251', '7660', '2936', '292', '70', '19679', '6360', '1749']
asnList recv - 
['2936', '1251', '291', '7660', '292', '2152', '3152', '559', '4511', '1706']
asnList total - 
['2936', '291', '1251', '7660', '292', '2152', '4511', '58069', '3152', '19679']
main entered
asnStability --- 
{'6360': 0, '559': 0, '1706': 0, '3152': 0, '2936': 0, '70': 0, '4511': 0, '19679': 0, '58069': 0, '1749': 0, '2152': 0, '1251': 0, '7660': 0, '3671': 0, '292': 0, '291': 0}
My path var is === 
http://archive.routeviews.org/bgpdata/2017.09/UPDATES/updates.20170905.2100.bz2
asnList sent - 
['291', '3671', '1251', '7660', '2936', '292', '70', '19679', '6360', '1749']
asnList recv - 
['2936', '1251', '291', '7660', '292', '2152', '3152', '559', '4511', '1706']
asnList total - 
['2936', '291', '1251', '7660', '292', '2152', '4511', '58069', '3152', '19679']
main entered
asnStability --- 
{'6360': 0, '559': 2, '1706': 0, '3152': 0, '2936': 0, '70': 0, '4511': 0, '19679': 0, '58069': 0, '1749': 0, '2152': 0, '1251': 0, '7660': 0, '3671': 0, '292': 0, '291': 0}
My path var is === 
http://archive.routeviews.org/bgpdata/2017.09/UPDATES/updates.20170905.2115.bz2
asnList sent - 
['291', '3671', '1251', '7660', '2936', '292', '70', '19679', '6360', '1749']
asnList recv - 
['2936', '1251', '291', '7660', '292', '2152', '3152', '559', '4511', '1706']
asnList total - 
['2936', '291', '1251', '7660', '292', '2152', '4511', '58069', '3152', '19679']
main entered
asnStability --- 
{'6360': 0, '559': 0, '1706': 0, '3152': 0, '2936': 0, '70': 0, '4511': 0, '19679': 0, '58069': 0, '1749': 0, '2152': 0, '1251': 0, '7660': 0, '3671': 0, '292': 0, '291': 0}
My path var is === 
http://archive.routeviews.org/bgpdata/2017.09/UPDATES/updates.20170905.2130.bz2
asnList sent - 
['291', '3671', '1251', '7660', '2936', '292', '70', '19679', '6360', '1749']
asnList recv - 
['2936', '1251', '291', '7660', '292', '2152', '3152', '559', '4511', '1706']
asnList total - 
['2936', '291', '1251', '7660', '292', '2152', '4511', '58069', '3152', '19679']
main entered
asnStability --- 
{'6360': 0, '559': 0, '1706': 0, '3152': 0, '2936': 0, '70': 0, '4511': 0, '19679': 0, '58069': 0, '1749': 0, '2152': 0, '1251': 0, '7660': 0, '3671': 0, '292': 0, '291': 0}
My path var is === 
http://archive.routeviews.org/bgpdata/2017.09/UPDATES/updates.20170905.2145.bz2
asnList sent - 
['291', '3671', '1251', '7660', '2936', '292', '70', '19679', '6360', '1749']
asnList recv - 
['2936', '1251', '291', '7660', '292', '2152', '3152', '559', '4511', '1706']
asnList total - 
['2936', '291', '1251', '7660', '292', '2152', '4511', '58069', '3152', '19679']
main entered
asnStability --- 
{'6360': 0, '559': 0, '1706': 0, '3152': 0, '2936': 0, '70': 0, '4511': 0, '19679': 0, '58069': 0, '1749': 0, '2152': 0, '1251': 0, '7660': 0, '3671': 0, '292': 0, '291': 0}
My path var is === 
http://archive.routeviews.org/bgpdata/2017.09/UPDATES/updates.20170905.2200.bz2
asnList sent - 
['291', '3671', '1251', '7660', '2936', '292', '70', '19679', '6360', '1749']
asnList recv - 
['2936', '1251', '291', '7660', '292', '2152', '3152', '559', '4511', '1706']
asnList total - 
['2936', '291', '1251', '7660', '292', '2152', '4511', '58069', '3152', '19679']
main entered
asnStability --- 
{'6360': 0, '559': 4, '1706': 0, '3152': 0, '2936': 0, '70': 0, '4511': 0, '19679': 0, '58069': 0, '1749': 0, '2152': 0, '1251': 0, '7660': 0, '3671': 0, '292': 0, '291': 0}
My path var is === 
http://archive.routeviews.org/bgpdata/2017.09/UPDATES/updates.20170905.2215.bz2
asnList sent - 
['291', '3671', '1251', '7660', '2936', '292', '70', '19679', '6360', '1749']
asnList recv - 
['2936', '1251', '291', '7660', '292', '2152', '3152', '559', '4511', '1706']
asnList total - 
['2936', '291', '1251', '7660', '292', '2152', '4511', '58069', '3152', '19679']
main entered
asnStability --- 
{'6360': 116, '559': 0, '1706': 0, '3152': 0, '2936': 0, '70': 0, '4511': 0, '19679': 0, '58069': 0, '1749': 0, '2152': 0, '1251': 0, '7660': 0, '3671': 0, '292': 0, '291': 0}
My path var is === 
http://archive.routeviews.org/bgpdata/2017.09/UPDATES/updates.20170905.2230.bz2
asnList sent - 
['291', '3671', '1251', '7660', '2936', '292', '70', '19679', '6360', '1749']
asnList recv - 
['2936', '1251', '291', '7660', '292', '2152', '3152', '559', '4511', '1706']
asnList total - 
['2936', '291', '1251', '7660', '292', '2152', '4511', '58069', '3152', '19679']
main entered
asnStability --- 
{'6360': 0, '559': 1, '1706': 0, '3152': 0, '2936': 0, '70': 0, '4511': 0, '19679': 0, '58069': 0, '1749': 0, '2152': 0, '1251': 0, '7660': 0, '3671': 0, '292': 0, '291': 0}
My path var is === 
http://archive.routeviews.org/bgpdata/2017.09/UPDATES/updates.20170905.2245.bz2
asnList sent - 
['291', '3671', '1251', '7660', '2936', '292', '70', '19679', '6360', '1749']
asnList recv - 
['2936', '1251', '291', '7660', '292', '2152', '3152', '559', '4511', '1706']
asnList total - 
['2936', '291', '1251', '7660', '292', '2152', '4511', '58069', '3152', '19679']
main entered
asnStability --- 
{'6360': 0, '559': 2, '1706': 2, '3152': 0, '2936': 0, '70': 0, '4511': 0, '19679': 0, '58069': 0, '1749': 0, '2152': 0, '1251': 0, '7660': 0, '3671': 0, '292': 0, '291': 0}
My path var is === 
http://archive.routeviews.org/bgpdata/2017.09/UPDATES/updates.20170905.2300.bz2
asnList sent - 
['291', '3671', '1251', '7660', '2936', '292', '70', '19679', '6360', '1749']
asnList recv - 
['2936', '1251', '291', '7660', '292', '2152', '3152', '559', '4511', '1706']
asnList total - 
['2936', '291', '1251', '7660', '292', '2152', '4511', '58069', '3152', '19679']
main entered
asnStability --- 
{'6360': 0, '559': 549, '1706': 44, '3152': 0, '2936': 0, '70': 0, '4511': 0, '19679': 0, '58069': 12, '1749': 0, '2152': 0, '1251': 12, '7660': 0, '3671': 0, '292': 0, '291': 0}
My path var is === 
http://archive.routeviews.org/bgpdata/2017.09/UPDATES/updates.20170905.2315.bz2
asnList sent - 
['291', '3671', '1251', '7660', '2936', '292', '70', '19679', '6360', '1749']
asnList recv - 
['2936', '1251', '291', '7660', '292', '2152', '3152', '559', '4511', '1706']
asnList total - 
['2936', '291', '1251', '7660', '292', '2152', '4511', '58069', '3152', '19679']
main entered
asnStability --- 
{'6360': 0, '559': 0, '1706': 23, '3152': 0, '2936': 0, '70': 0, '4511': 0, '19679': 0, '58069': 0, '1749': 0, '2152': 0, '1251': 0, '7660': 0, '3671': 0, '292': 0, '291': 0}
My path var is === 
http://archive.routeviews.org/bgpdata/2017.09/UPDATES/updates.20170905.2330.bz2
asnList sent - 
['291', '3671', '1251', '7660', '2936', '292', '70', '19679', '6360', '1749']
asnList recv - 
['2936', '1251', '291', '7660', '292', '2152', '3152', '559', '4511', '1706']
asnList total - 
['2936', '291', '1251', '7660', '292', '2152', '4511', '58069', '3152', '19679']
main entered
asnStability --- 
{'6360': 0, '559': 2, '1706': 46, '3152': 0, '2936': 0, '70': 0, '4511': 0, '19679': 0, '58069': 0, '1749': 0, '2152': 0, '1251': 0, '7660': 0, '3671': 0, '292': 0, '291': 0}
My path var is === 
http://archive.routeviews.org/bgpdata/2017.09/UPDATES/updates.20170905.2345.bz2
asnList sent - 
['291', '3671', '1251', '7660', '2936', '292', '70', '19679', '6360', '1749']
asnList recv - 
['2936', '1251', '291', '7660', '292', '2152', '3152', '559', '4511', '1706']
asnList total - 
['2936', '291', '1251', '7660', '292', '2152', '4511', '58069', '3152', '19679']
main entered
asnStability --- 
{'6360': 0, '559': 0, '1706': 0, '3152': 0, '2936': 0, '70': 0, '4511': 0, '19679': 0, '58069': 0, '1749': 0, '2152': 0, '1251': 1, '7660': 0, '3671': 0, '292': 0, '291': 0}
My path var is === 
http://archive.routeviews.org/bgpdata/2017.09/UPDATES/updates.20170904.0000.bz2
asnList sent - 
['291', '3671', '1251', '7660', '2936', '292', '70', '19679', '6360', '1749']
asnList recv - 
['2936', '1251', '291', '7660', '292', '2152', '3152', '559', '4511', '1706']
asnList total - 
['2936', '291', '1251', '7660', '292', '2152', '4511', '58069', '3152', '19679']
main entered
asnStability --- 
{'6360': 0, '559': 0, '1706': 0, '3152': 0, '2936': 0, '70': 46, '4511': 4, '19679': 12, '58069': 0, '1749': 0, '2152': 0, '1251': 0, '7660': 0, '3671': 0, '292': 0, '291': 0}
My path var is === 
http://archive.routeviews.org/bgpdata/2017.09/UPDATES/updates.20170904.0015.bz2
asnList sent - 
['291', '3671', '1251', '7660', '2936', '292', '70', '19679', '6360', '1749']
asnList recv - 
['2936', '1251', '291', '7660', '292', '2152', '3152', '559', '4511', '1706']
asnList total - 
['2936', '291', '1251', '7660', '292', '2152', '4511', '58069', '3152', '19679']
main entered
asnStability --- 
{'6360': 0, '559': 2, '1706': 2, '3152': 0, '2936': 0, '70': 0, '4511': 0, '19679': 0, '58069': 0, '1749': 0, '2152': 0, '1251': 0, '7660': 0, '3671': 0, '292': 0, '291': 0}
My path var is === 
http://archive.routeviews.org/bgpdata/2017.09/UPDATES/updates.20170904.0030.bz2
asnList sent - 
['291', '3671', '1251', '7660', '2936', '292', '70', '19679', '6360', '1749']
asnList recv - 
['2936', '1251', '291', '7660', '292', '2152', '3152', '559', '4511', '1706']
asnList total - 
['2936', '291', '1251', '7660', '292', '2152', '4511', '58069', '3152', '19679']
main entered
asnStability --- 
{'6360': 0, '559': 0, '1706': 0, '3152': 0, '2936': 0, '70': 0, '4511': 0, '19679': 0, '58069': 0, '1749': 0, '2152': 0, '1251': 0, '7660': 0, '3671': 0, '292': 0, '291': 0}
My path var is === 
http://archive.routeviews.org/bgpdata/2017.09/UPDATES/updates.20170904.0045.bz2
asnList sent - 
['291', '3671', '1251', '7660', '2936', '292', '70', '19679', '6360', '1749']
asnList recv - 
['2936', '1251', '291', '7660', '292', '2152', '3152', '559', '4511', '1706']
asnList total - 
['2936', '291', '1251', '7660', '292', '2152', '4511', '58069', '3152', '19679']
main entered
asnStability --- 
{'6360': 0, '559': 2, '1706': 0, '3152': 0, '2936': 0, '70': 0, '4511': 0, '19679': 0, '58069': 0, '1749': 0, '2152': 0, '1251': 0, '7660': 0, '3671': 0, '292': 0, '291': 0}
My path var is === 
http://archive.routeviews.org/bgpdata/2017.09/UPDATES/updates.20170904.0100.bz2
asnList sent - 
['291', '3671', '1251', '7660', '2936', '292', '70', '19679', '6360', '1749']
asnList recv - 
['2936', '1251', '291', '7660', '292', '2152', '3152', '559', '4511', '1706']
asnList total - 
['2936', '291', '1251', '7660', '292', '2152', '4511', '58069', '3152', '19679']
main entered
asnStability --- 
{'6360': 0, '559': 0, '1706': 0, '3152': 0, '2936': 0, '70': 0, '4511': 0, '19679': 0, '58069': 0, '1749': 0, '2152': 0, '1251': 12118, '7660': 0, '3671': 0, '292': 0, '291': 0}
My path var is === 
http://archive.routeviews.org/bgpdata/2017.09/UPDATES/updates.20170904.0115.bz2
asnList sent - 
['291', '3671', '1251', '7660', '2936', '292', '70', '19679', '6360', '1749']
asnList recv - 
['2936', '1251', '291', '7660', '292', '2152', '3152', '559', '4511', '1706']
asnList total - 
['2936', '291', '1251', '7660', '292', '2152', '4511', '58069', '3152', '19679']
main entered
asnStability --- 
{'6360': 0, '559': 2, '1706': 0, '3152': 0, '2936': 0, '70': 0, '4511': 0, '19679': 0, '58069': 0, '1749': 0, '2152': 0, '1251': 8700, '7660': 0, '3671': 0, '292': 0, '291': 0}
My path var is === 
http://archive.routeviews.org/bgpdata/2017.09/UPDATES/updates.20170904.0130.bz2
asnList sent - 
['291', '3671', '1251', '7660', '2936', '292', '70', '19679', '6360', '1749']
asnList recv - 
['2936', '1251', '291', '7660', '292', '2152', '3152', '559', '4511', '1706']
asnList total - 
['2936', '291', '1251', '7660', '292', '2152', '4511', '58069', '3152', '19679']
main entered
asnStability --- 
{'6360': 0, '559': 0, '1706': 0, '3152': 0, '2936': 0, '70': 0, '4511': 0, '19679': 0, '58069': 0, '1749': 0, '2152': 0, '1251': 144, '7660': 0, '3671': 0, '292': 0, '291': 0}
My path var is === 
http://archive.routeviews.org/bgpdata/2017.09/UPDATES/updates.20170904.0145.bz2
